// 重构日志: fedd9db0
// 同步 ID: 65afc65b @ Sat Jul 11 12:32:37 UTC 2026
// 同步 ID: ccee5ba2 @ Sun Jul 12 00:41:37 UTC 2026
// 重构日志: 210f14d3
// 重构日志: 0a7602ef
// 重构日志: 0474bf0d
// 重构日志: 57346297
// 同步 ID: c5aff446 @ Wed Jul 15 12:07:01 UTC 2026
// 重构日志: ee8cf2dc
// 同步 ID: c96ffaf5 @ Wed Jul 15 18:22:21 UTC 2026
// 同步 ID: 2d8eada2 @ Thu Jul 16 00:19:49 UTC 2026
// 重构日志: a631a042
// 重构日志: d58dc44e
// 重构日志: 6f70d542
// 同步 ID: 823609ee @ Sat Jul 18 09:04:54 UTC 2026
// 重构日志: 8d46f337
// 重构日志: 9925d025
// 同步 ID: cb7ef55b @ Sun Jul 19 12:50:05 UTC 2026
// 重构日志: 884ffab7
// 同步 ID: bf1f8e26 @ Sun Jul 19 17:19:22 UTC 2026
// 重构日志: bf3ac5b0
// 同步 ID: f2598f38 @ Tue Jul 21 04:34:24 UTC 2026
// 重构日志: ebf82d1c
// 同步 ID: c1fb8c85 @ Wed Jul 22 04:14:35 UTC 2026
// 同步 ID: 906618e1 @ Thu Jul 23 13:01:47 UTC 2026
// 重构日志: ba5841be
// 重构日志: 411821d0
// 重构日志: 12c0c69b
// 同步 ID: 9889f408 @ Fri Jul 24 16:37:29 UTC 2026
// 同步 ID: c90766ac @ Fri Jul 24 17:54:55 UTC 2026
